<?xml version="1.0" encoding="UTF-8"?>
<testng-results skipped="0" failed="0" total="1" passed="1">
  <reporter-output>
  </reporter-output>
  <suite name="HaikuSuite" duration-ms="63072" started-at="2016-04-12T12:04:24Z" finished-at="2016-04-12T12:05:27Z">
    <groups>
    </groups>
    <test name="test1" duration-ms="63072" started-at="2016-04-12T12:04:24Z" finished-at="2016-04-12T12:05:27Z">
      <class name="com.test1.tests.LoginTest">
        <test-method status="PASS" signature="btest()[pri:0, instance:com.test1.tests.LoginTest@5c0369c4]" name="btest" is-config="true" duration-ms="17236" started-at="2016-04-12T17:34:24Z" finished-at="2016-04-12T17:34:41Z">
          <reporter-output>
          </reporter-output>
        </test-method> <!-- btest -->
        <test-method status="PASS" signature="Test()[pri:0, instance:com.test1.tests.LoginTest@5c0369c4]" name="Test" duration-ms="45245" started-at="2016-04-12T17:34:41Z" finished-at="2016-04-12T17:35:26Z">
          <reporter-output>
          </reporter-output>
        </test-method> <!-- Test -->
        <test-method status="PASS" signature="Atest()[pri:0, instance:com.test1.tests.LoginTest@5c0369c4]" name="Atest" is-config="true" duration-ms="582" started-at="2016-04-12T17:35:26Z" finished-at="2016-04-12T17:35:27Z">
          <reporter-output>
          </reporter-output>
        </test-method> <!-- Atest -->
      </class> <!-- com.test1.tests.LoginTest -->
    </test> <!-- test1 -->
  </suite> <!-- HaikuSuite -->
</testng-results>
