<?xml version="1.0" encoding="UTF-8"?>
<!-- Generated by org.testng.reporters.JUnitXMLReporter -->
<testsuite hostname="SYS0000" name="Command line test" tests="6" failures="5" timestamp="26 Apr 2016 13:23:46 GMT" time="280.0" errors="0">
  <testcase name="Test" time="41.104" classname="com.test1.tests.LoginTest">
    <failure type="org.openqa.selenium.WebDriverException" message="Element is not clickable at point (233.38333129882812, 20). Other element would receive the click: &amp;lt;div class=&amp;quot;modalCentered&amp;quot; style=&amp;quot;margin-bottom: -216px;&amp;quot; id=&amp;quot;modalCenter&amp;quot;&amp;gt;&amp;lt;/div&amp;gt;
Command duration or timeout: 85 milliseconds
Build info: version: &amp;apos;2.53.0&amp;apos;, revision: &amp;apos;35ae25b1534ae328c771e0856c93e187490ca824&amp;apos;, time: &amp;apos;2016-03-15 10:43:46&amp;apos;
System info: host: &amp;apos;SYS0000&amp;apos;, ip: &amp;apos;169.254.194.43&amp;apos;, os.name: &amp;apos;Windows 10&amp;apos;, os.arch: &amp;apos;amd64&amp;apos;, os.version: &amp;apos;10.0&amp;apos;, java.version: &amp;apos;1.8.0_65&amp;apos;
Driver info: org.openqa.selenium.firefox.FirefoxDriver
Capabilities [{applicationCacheEnabled=true, rotatable=false, handlesAlerts=true, databaseEnabled=true, version=43.0.4, platform=WINDOWS, nativeEvents=false, acceptSslCerts=true, webStorageEnabled=true, locationContextEnabled=true, browserName=firefox, takesScreenshot=true, javascriptEnabled=true, cssSelectorsEnabled=true}]
Session ID: 056b18ff-47aa-41fc-98fb-12a05cd1771e">
      <![CDATA[org.openqa.selenium.WebDriverException: Element is not clickable at point (233.38333129882812, 20). Other element would receive the click: <div class="modalCentered" style="margin-bottom: -216px;" id="modalCenter"></div>
Command duration or timeout: 85 milliseconds
Build info: version: '2.53.0', revision: '35ae25b1534ae328c771e0856c93e187490ca824', time: '2016-03-15 10:43:46'
System info: host: 'SYS0000', ip: '169.254.194.43', os.name: 'Windows 10', os.arch: 'amd64', os.version: '10.0', java.version: '1.8.0_65'
Driver info: org.openqa.selenium.firefox.FirefoxDriver
Capabilities [{applicationCacheEnabled=true, rotatable=false, handlesAlerts=true, databaseEnabled=true, version=43.0.4, platform=WINDOWS, nativeEvents=false, acceptSslCerts=true, webStorageEnabled=true, locationContextEnabled=true, browserName=firefox, takesScreenshot=true, javascriptEnabled=true, cssSelectorsEnabled=true}]
Session ID: 056b18ff-47aa-41fc-98fb-12a05cd1771e
	at org.openqa.selenium.remote.ErrorHandler.createThrowable(ErrorHandler.java:206)
	at org.openqa.selenium.remote.ErrorHandler.throwIfResponseFailed(ErrorHandler.java:158)
	at org.openqa.selenium.remote.RemoteWebDriver.execute(RemoteWebDriver.java:678)
	at org.openqa.selenium.remote.RemoteWebElement.execute(RemoteWebElement.java:327)
	at org.openqa.selenium.remote.RemoteWebElement.click(RemoteWebElement.java:85)
	at com.test1.ActionsLogs.ActionsLogs.click(ActionsLogs.java:37)
	at com.test1.pages.TreesPage.actionsOnATree(TreesPage.java:18)
	at com.test1.tests.LoginTest.Test(LoginTest.java:42)
... Removed 38 stack frames]]>
    </failure>
  </testcase> <!-- Test -->
  <testcase name="Test" time="50.656" classname="com.test1.tests.LoginTest">
    <failure type="java.lang.AssertionError" message="Time out exception is occurred">
      <![CDATA[java.lang.AssertionError: Time out exception is occurred
	at com.test1.ActionsLogs.ActionsLogs.getWebElement(ActionsLogs.java:58)
	at com.test1.ActionsLogs.ActionsLogs.click(ActionsLogs.java:36)
	at com.test1.pages.LoginPage.Login(LoginPage.java:23)
	at com.test1.tests.LoginTest.Test(LoginTest.java:37)
... Removed 34 stack frames]]>
    </failure>
  </testcase> <!-- Test -->
  <testcase name="Test" time="50.608" classname="com.test1.tests.LoginTest">
    <failure type="java.lang.AssertionError" message="Time out exception is occurred">
      <![CDATA[java.lang.AssertionError: Time out exception is occurred
	at com.test1.ActionsLogs.ActionsLogs.getWebElement(ActionsLogs.java:58)
	at com.test1.ActionsLogs.ActionsLogs.click(ActionsLogs.java:36)
	at com.test1.pages.LoginPage.Login(LoginPage.java:23)
	at com.test1.tests.LoginTest.Test(LoginTest.java:37)
... Removed 34 stack frames]]>
    </failure>
  </testcase> <!-- Test -->
  <testcase name="Test" time="50.403" classname="com.test1.tests.LoginTest">
    <failure type="java.lang.AssertionError" message="Time out exception is occurred">
      <![CDATA[java.lang.AssertionError: Time out exception is occurred
	at com.test1.ActionsLogs.ActionsLogs.getWebElement(ActionsLogs.java:58)
	at com.test1.ActionsLogs.ActionsLogs.click(ActionsLogs.java:36)
	at com.test1.pages.LoginPage.Login(LoginPage.java:23)
	at com.test1.tests.LoginTest.Test(LoginTest.java:37)
... Removed 34 stack frames]]>
    </failure>
  </testcase> <!-- Test -->
  <testcase name="Test" time="50.433" classname="com.test1.tests.LoginTest">
    <failure type="java.lang.AssertionError" message="Time out exception is occurred">
      <![CDATA[java.lang.AssertionError: Time out exception is occurred
	at com.test1.ActionsLogs.ActionsLogs.getWebElement(ActionsLogs.java:58)
	at com.test1.ActionsLogs.ActionsLogs.click(ActionsLogs.java:36)
	at com.test1.pages.LoginPage.Login(LoginPage.java:23)
	at com.test1.tests.LoginTest.Test(LoginTest.java:37)
... Removed 34 stack frames]]>
    </failure>
  </testcase> <!-- Test -->
  <testcase name="test" time="0.79" classname="com.test1.dummy.TestExcel"/>
</testsuite> <!-- Command line test -->
