<?xml version="1.0" encoding="UTF-8"?>
<testng-results skipped="0" failed="0" total="2" passed="2">
  <reporter-output>
  </reporter-output>
  <suite name="Command line suite" duration-ms="29906" started-at="2016-05-11T12:39:26Z" finished-at="2016-05-11T12:39:56Z">
    <groups>
    </groups>
    <test name="Command line test" duration-ms="29906" started-at="2016-05-11T12:39:26Z" finished-at="2016-05-11T12:39:56Z">
      <class name="com.test1.dummy.TestExcel">
        <test-method status="PASS" signature="test()[pri:0, instance:com.test1.dummy.TestExcel@64616ca2]" name="test" duration-ms="472" started-at="2016-05-11T18:09:55Z" finished-at="2016-05-11T18:09:55Z">
          <reporter-output>
          </reporter-output>
        </test-method> <!-- test -->
      </class> <!-- com.test1.dummy.TestExcel -->
      <class name="com.test1.tests.LoginTest">
        <test-method status="PASS" signature="btest()[pri:0, instance:com.test1.tests.LoginTest@4cb2c100]" name="btest" is-config="true" duration-ms="15902" started-at="2016-05-11T18:09:26Z" finished-at="2016-05-11T18:09:42Z">
          <reporter-output>
          </reporter-output>
        </test-method> <!-- btest -->
        <test-method status="PASS" signature="Test()[pri:0, instance:com.test1.tests.LoginTest@4cb2c100]" name="Test" duration-ms="12500" started-at="2016-05-11T18:09:42Z" finished-at="2016-05-11T18:09:55Z">
          <reporter-output>
          </reporter-output>
        </test-method> <!-- Test -->
        <test-method status="PASS" signature="Atest()[pri:0, instance:com.test1.tests.LoginTest@4cb2c100]" name="Atest" is-config="true" duration-ms="1012" started-at="2016-05-11T18:09:55Z" finished-at="2016-05-11T18:09:56Z">
          <reporter-output>
          </reporter-output>
        </test-method> <!-- Atest -->
      </class> <!-- com.test1.tests.LoginTest -->
    </test> <!-- Command line test -->
  </suite> <!-- Command line suite -->
</testng-results>
