<?xml version="1.0" encoding="UTF-8" ?>
<testsuite tests="6" failures="5" name="TestSuite" time="244.013" errors="0" skipped="0">
  <properties>
[...]
</properties>
  <testcase classname="com.test1.tests.LoginTest" name="Test" time="41.124">
    <failure message="Element is not clickable at point (233.38333129882812, 20). Other element would receive the click: &lt;div class=&quot;modalCentered&quot; style=&quot;margin-bottom: -216px;&quot; id=&quot;modalCenter&quot;&gt;&lt;/div&gt;
Command duration or timeout: 85 milliseconds
Build info: version: &apos;2.53.0&apos;, revision: &apos;35ae25b1534ae328c771e0856c93e187490ca824&apos;, time: &apos;2016-03-15 10:43:46&apos;
System info: host: &apos;SYS0000&apos;, ip: &apos;169.254.194.43&apos;, os.name: &apos;Windows 10&apos;, os.arch: &apos;amd64&apos;, os.version: &apos;10.0&apos;, java.version: &apos;1.8.0_65&apos;
Driver info: org.openqa.selenium.firefox.FirefoxDriver
Capabilities [{applicationCacheEnabled=true, rotatable=false, handlesAlerts=true, databaseEnabled=true, version=43.0.4, platform=WINDOWS, nativeEvents=false, acceptSslCerts=true, webStorageEnabled=true, locationContextEnabled=true, browserName=firefox, takesScreenshot=true, javascriptEnabled=true, cssSelectorsEnabled=true}]
Session ID: 056b18ff-47aa-41fc-98fb-12a05cd1771e" type="org.openqa.selenium.WebDriverException">org.openqa.selenium.WebDriverException: Element is not clickable at point (233.38333129882812, 20). Other element would receive the click: &lt;div class=&quot;modalCentered&quot; style=&quot;margin-bottom: -216px;&quot; id=&quot;modalCenter&quot;&gt;&lt;/div&gt;
Command duration or timeout: 85 milliseconds
Build info: version: &apos;2.53.0&apos;, revision: &apos;35ae25b1534ae328c771e0856c93e187490ca824&apos;, time: &apos;2016-03-15 10:43:46&apos;
System info: host: &apos;SYS0000&apos;, ip: &apos;169.254.194.43&apos;, os.name: &apos;Windows 10&apos;, os.arch: &apos;amd64&apos;, os.version: &apos;10.0&apos;, java.version: &apos;1.8.0_65&apos;
Driver info: org.openqa.selenium.firefox.FirefoxDriver
Capabilities [{applicationCacheEnabled=true, rotatable=false, handlesAlerts=true, databaseEnabled=true, version=43.0.4, platform=WINDOWS, nativeEvents=false, acceptSslCerts=true, webStorageEnabled=true, locationContextEnabled=true, browserName=firefox, takesScreenshot=true, javascriptEnabled=true, cssSelectorsEnabled=true}]
Session ID: 056b18ff-47aa-41fc-98fb-12a05cd1771e
	at sun.reflect.NativeConstructorAccessorImpl.newInstance0(Native Method)
	at sun.reflect.NativeConstructorAccessorImpl.newInstance(NativeConstructorAccessorImpl.java:62)
	at sun.reflect.DelegatingConstructorAccessorImpl.newInstance(DelegatingConstructorAccessorImpl.java:45)
	at java.lang.reflect.Constructor.newInstance(Constructor.java:422)
	at org.openqa.selenium.remote.ErrorHandler.createThrowable(ErrorHandler.java:206)
	at org.openqa.selenium.remote.ErrorHandler.throwIfResponseFailed(ErrorHandler.java:158)
	at org.openqa.selenium.remote.RemoteWebDriver.execute(RemoteWebDriver.java:678)
	at org.openqa.selenium.remote.RemoteWebElement.execute(RemoteWebElement.java:327)
	at org.openqa.selenium.remote.RemoteWebElement.click(RemoteWebElement.java:85)
	at com.test1.ActionsLogs.ActionsLogs.click(ActionsLogs.java:37)
	at com.test1.pages.TreesPage.actionsOnATree(TreesPage.java:18)
	at com.test1.tests.LoginTest.Test(LoginTest.java:42)
</failure>
    <system-out>Configuring TestNG with: org.apache.maven.surefire.testng.conf.TestNG652Configurator@4d591d15
We&apos;re in Home Page now...
</system-out>
    <system-err>log4j:ERROR Could not read configuration file [Logs/log4j.properties].
java.io.FileNotFoundException: Logs\log4j.properties (The system cannot find the file specified)
	at java.io.FileInputStream.open0(Native Method)
	at java.io.FileInputStream.open(FileInputStream.java:195)
	at java.io.FileInputStream.&lt;init&gt;(FileInputStream.java:138)
	at java.io.FileInputStream.&lt;init&gt;(FileInputStream.java:93)
	at org.apache.log4j.PropertyConfigurator.doConfigure(PropertyConfigurator.java:372)
	at org.apache.log4j.PropertyConfigurator.configure(PropertyConfigurator.java:403)
	at com.test1.tests.RetryAgain.&lt;clinit&gt;(RetryAgain.java:15)
	at sun.reflect.NativeConstructorAccessorImpl.newInstance0(Native Method)
	at sun.reflect.NativeConstructorAccessorImpl.newInstance(NativeConstructorAccessorImpl.java:62)
	at sun.reflect.DelegatingConstructorAccessorImpl.newInstance(DelegatingConstructorAccessorImpl.java:45)
	at java.lang.reflect.Constructor.newInstance(Constructor.java:422)
	at java.lang.Class.newInstance(Class.java:442)
	at org.testng.internal.annotations.TestAnnotation.setRetryAnalyzer(TestAnnotation.java:180)
	at org.testng.internal.annotations.JDK15TagFactory.createTestTag(JDK15TagFactory.java:411)
	at org.testng.internal.annotations.JDK15TagFactory.createTag(JDK15TagFactory.java:70)
	at org.testng.internal.annotations.JDK15AnnotationFinder.findAnnotation(JDK15AnnotationFinder.java:177)
	at org.testng.internal.annotations.JDK15AnnotationFinder.findAnnotation(JDK15AnnotationFinder.java:103)
	at org.testng.internal.TestNGClassFinder.isTestNGClass(TestNGClassFinder.java:223)
	at org.testng.internal.TestNGClassFinder.&lt;init&gt;(TestNGClassFinder.java:107)
	at org.testng.TestRunner.initMethods(TestRunner.java:409)
	at org.testng.TestRunner.init(TestRunner.java:235)
	at org.testng.TestRunner.init(TestRunner.java:205)
	at org.testng.TestRunner.&lt;init&gt;(TestRunner.java:153)
	at org.testng.SuiteRunner$DefaultTestRunnerFactory.newTestRunner(SuiteRunner.java:536)
	at org.testng.SuiteRunner.init(SuiteRunner.java:159)
	at org.testng.SuiteRunner.&lt;init&gt;(SuiteRunner.java:113)
	at org.testng.TestNG.createSuiteRunner(TestNG.java:1299)
	at org.testng.TestNG.createSuiteRunners(TestNG.java:1286)
	at org.testng.TestNG.runSuitesLocally(TestNG.java:1140)
	at org.testng.TestNG.run(TestNG.java:1057)
	at org.apache.maven.surefire.testng.TestNGExecutor.run(TestNGExecutor.java:77)
	at org.apache.maven.surefire.testng.TestNGDirectoryTestSuite.executeMulti(TestNGDirectoryTestSuite.java:159)
	at org.apache.maven.surefire.testng.TestNGDirectoryTestSuite.execute(TestNGDirectoryTestSuite.java:99)
	at org.apache.maven.surefire.testng.TestNGProvider.invoke(TestNGProvider.java:106)
	at sun.reflect.NativeMethodAccessorImpl.invoke0(Native Method)
	at sun.reflect.NativeMethodAccessorImpl.invoke(NativeMethodAccessorImpl.java:62)
	at sun.reflect.DelegatingMethodAccessorImpl.invoke(DelegatingMethodAccessorImpl.java:43)
	at java.lang.reflect.Method.invoke(Method.java:497)
	at org.apache.maven.surefire.util.ReflectionUtils.invokeMethodWithArray(ReflectionUtils.java:189)
	at org.apache.maven.surefire.booter.ProviderFactory$ProviderProxy.invoke(ProviderFactory.java:165)
	at org.apache.maven.surefire.booter.ProviderFactory.invokeProvider(ProviderFactory.java:85)
	at org.apache.maven.surefire.booter.ForkedBooter.runSuitesInProcess(ForkedBooter.java:115)
	at org.apache.maven.surefire.booter.ForkedBooter.main(ForkedBooter.java:75)
log4j:ERROR Ignoring configuration file [Logs/log4j.properties].
log4j:WARN No appenders could be found for logger (org.apache.http.client.protocol.RequestAddCookies).
log4j:WARN Please initialize the log4j system properly.
log4j:WARN See http://logging.apache.org/log4j/1.2/faq.html#noconfig for more info.
</system-err>
  </testcase>
  <testcase classname="com.test1.tests.LoginTest" name="Test" time="50.651">
    <failure message="Time out exception is occurred" type="java.lang.AssertionError">java.lang.AssertionError: Time out exception is occurred
	at com.test1.ActionsLogs.ActionsLogs.getWebElement(ActionsLogs.java:58)
	at com.test1.ActionsLogs.ActionsLogs.click(ActionsLogs.java:36)
	at com.test1.pages.LoginPage.Login(LoginPage.java:23)
	at com.test1.tests.LoginTest.Test(LoginTest.java:37)
</failure>
  </testcase>
  <testcase classname="com.test1.tests.LoginTest" name="Test" time="50.61">
    <failure message="Time out exception is occurred" type="java.lang.AssertionError">java.lang.AssertionError: Time out exception is occurred
	at com.test1.ActionsLogs.ActionsLogs.getWebElement(ActionsLogs.java:58)
	at com.test1.ActionsLogs.ActionsLogs.click(ActionsLogs.java:36)
	at com.test1.pages.LoginPage.Login(LoginPage.java:23)
	at com.test1.tests.LoginTest.Test(LoginTest.java:37)
</failure>
  </testcase>
  <testcase classname="com.test1.tests.LoginTest" name="Test" time="50.404">
    <failure message="Time out exception is occurred" type="java.lang.AssertionError">java.lang.AssertionError: Time out exception is occurred
	at com.test1.ActionsLogs.ActionsLogs.getWebElement(ActionsLogs.java:58)
	at com.test1.ActionsLogs.ActionsLogs.click(ActionsLogs.java:36)
	at com.test1.pages.LoginPage.Login(LoginPage.java:23)
	at com.test1.tests.LoginTest.Test(LoginTest.java:37)
</failure>
  </testcase>
  <testcase classname="com.test1.tests.LoginTest" name="Test" time="50.434">
    <failure message="Time out exception is occurred" type="java.lang.AssertionError">java.lang.AssertionError: Time out exception is occurred
	at com.test1.ActionsLogs.ActionsLogs.getWebElement(ActionsLogs.java:58)
	at com.test1.ActionsLogs.ActionsLogs.click(ActionsLogs.java:36)
	at com.test1.pages.LoginPage.Login(LoginPage.java:23)
	at com.test1.tests.LoginTest.Test(LoginTest.java:37)
</failure>
  </testcase>
  <testcase classname="com.test1.dummy.TestExcel" name="test" time="0.79"/>
</testsuite>