<?xml version="1.0" encoding="UTF-8"?>
<testng-results skipped="0" failed="0" total="2" passed="2">
  <reporter-output>
  </reporter-output>
  <suite name="Command line suite" duration-ms="58184" started-at="2016-05-10T18:55:23Z" finished-at="2016-05-10T18:56:21Z">
    <groups>
    </groups>
    <test name="Command line test" duration-ms="58184" started-at="2016-05-10T18:55:23Z" finished-at="2016-05-10T18:56:21Z">
      <class name="com.test1.dummy.TestExcel">
        <test-method status="PASS" signature="test()[pri:0, instance:com.test1.dummy.TestExcel@64616ca2]" name="test" duration-ms="1849" started-at="2016-05-11T00:26:17Z" finished-at="2016-05-11T00:26:19Z">
          <reporter-output>
          </reporter-output>
        </test-method> <!-- test -->
      </class> <!-- com.test1.dummy.TestExcel -->
      <class name="com.test1.tests.LoginTest">
        <test-method status="PASS" signature="btest()[pri:0, instance:com.test1.tests.LoginTest@4cb2c100]" name="btest" is-config="true" duration-ms="35380" started-at="2016-05-11T00:25:23Z" finished-at="2016-05-11T00:25:58Z">
          <reporter-output>
          </reporter-output>
        </test-method> <!-- btest -->
        <test-method status="PASS" signature="Test()[pri:0, instance:com.test1.tests.LoginTest@4cb2c100]" name="Test" duration-ms="19132" started-at="2016-05-11T00:25:58Z" finished-at="2016-05-11T00:26:17Z">
          <reporter-output>
          </reporter-output>
        </test-method> <!-- Test -->
        <test-method status="PASS" signature="Atest()[pri:0, instance:com.test1.tests.LoginTest@4cb2c100]" name="Atest" is-config="true" duration-ms="1807" started-at="2016-05-11T00:26:19Z" finished-at="2016-05-11T00:26:21Z">
          <reporter-output>
          </reporter-output>
        </test-method> <!-- Atest -->
      </class> <!-- com.test1.tests.LoginTest -->
    </test> <!-- Command line test -->
  </suite> <!-- Command line suite -->
</testng-results>
