<?xml version="1.0" encoding="UTF-8"?>
<testng-results skipped="0" failed="0" total="1" passed="1">
  <reporter-output>
  </reporter-output>
  <suite name="HaikuSuite" duration-ms="52520" started-at="2016-04-22T12:40:39Z" finished-at="2016-04-22T12:41:32Z">
    <groups>
    </groups>
    <test name="test1" duration-ms="52520" started-at="2016-04-22T12:40:39Z" finished-at="2016-04-22T12:41:32Z">
      <class name="com.test1.tests.LoginTest">
        <test-method status="PASS" signature="btest()[pri:0, instance:com.test1.tests.LoginTest@1b0b85b8]" name="btest" is-config="true" duration-ms="17379" started-at="2016-04-22T18:10:39Z" finished-at="2016-04-22T18:10:56Z">
          <reporter-output>
          </reporter-output>
        </test-method> <!-- btest -->
        <test-method status="PASS" signature="Test()[pri:0, instance:com.test1.tests.LoginTest@1b0b85b8]" name="Test" duration-ms="34013" started-at="2016-04-22T18:10:56Z" finished-at="2016-04-22T18:11:30Z">
          <reporter-output>
          </reporter-output>
        </test-method> <!-- Test -->
        <test-method status="PASS" signature="Atest()[pri:0, instance:com.test1.tests.LoginTest@1b0b85b8]" name="Atest" is-config="true" duration-ms="1123" started-at="2016-04-22T18:11:30Z" finished-at="2016-04-22T18:11:32Z">
          <reporter-output>
          </reporter-output>
        </test-method> <!-- Atest -->
      </class> <!-- com.test1.tests.LoginTest -->
    </test> <!-- test1 -->
  </suite> <!-- HaikuSuite -->
</testng-results>
